<?xml version="1.0" encoding="UTF-8"?>
<testng-results ignored="4" total="10" passed="5" failed="1" skipped="0">
  <reporter-output>
    <line>
      <![CDATA[Url lunch]]>
    </line>
    <line>
      <![CDATA[ToDo List is Visible]]>
    </line>
  </reporter-output>
  <suite started-at="2023-12-12T15:58:09 IST" name="Default suite" finished-at="2023-12-12T15:59:23 IST" duration-ms="74512">
    <groups>
    </groups>
    <test started-at="2023-12-12T15:58:09 IST" name="Default test" finished-at="2023-12-12T15:59:23 IST" duration-ms="74512">
      <class name="testPathLab.BaseTest">
        <test-method is-config="true" signature="createSession()[pri:0, instance:testPathLab.BaseTest@470734c3]" started-at="2023-12-12T15:58:09 IST" name="createSession" finished-at="2023-12-12T15:58:11 IST" duration-ms="2278" status="PASS">
          <reporter-output>
            <line>
              <![CDATA[Url lunch]]>
            </line>
          </reporter-output>
        </test-method> <!-- createSession -->
      </class> <!-- testPathLab.BaseTest -->
      <class name="testPathLab.PatientPageTest">
        <test-method is-config="true" signature="driverInitialization()[pri:0, instance:testPathLab.PatientPageTest@74d1dc36]" started-at="2023-12-12T15:58:11 IST" name="driverInitialization" finished-at="2023-12-12T15:58:11 IST" duration-ms="31" status="PASS">
          <reporter-output>
          </reporter-output>
        </test-method> <!-- driverInitialization -->
        <test-method signature="launchPatientPage()[pri:5, instance:testPathLab.PatientPageTest@74d1dc36]" started-at="2023-12-12T15:58:11 IST" name="launchPatientPage" finished-at="2023-12-12T15:58:43 IST" duration-ms="31417" status="PASS">
          <reporter-output>
          </reporter-output>
        </test-method> <!-- launchPatientPage -->
      </class> <!-- testPathLab.PatientPageTest -->
      <class name="testPathLab.LoginTest">
        <test-method is-config="true" signature="driverinitialization()[pri:0, instance:testPathLab.LoginTest@1cf6d1be]" started-at="2023-12-12T15:58:43 IST" name="driverinitialization" finished-at="2023-12-12T15:58:43 IST" duration-ms="5" status="PASS">
          <reporter-output>
          </reporter-output>
        </test-method> <!-- driverinitialization -->
        <test-method signature="validLogin()[pri:1, instance:testPathLab.LoginTest@1cf6d1be]" started-at="2023-12-12T15:58:43 IST" name="validLogin" finished-at="2023-12-12T15:58:46 IST" duration-ms="3057" status="PASS">
          <reporter-output>
          </reporter-output>
        </test-method> <!-- validLogin -->
      </class> <!-- testPathLab.LoginTest -->
      <class name="testPathLab.HomePageTest">
        <test-method is-config="true" signature="driverInitialization()[pri:0, instance:testPathLab.HomePageTest@663c9e7a]" started-at="2023-12-12T15:58:46 IST" name="driverInitialization" finished-at="2023-12-12T15:58:46 IST" duration-ms="9" status="PASS">
          <reporter-output>
          </reporter-output>
        </test-method> <!-- driverInitialization -->
        <test-method signature="TodoListVisibility()[pri:1, instance:testPathLab.HomePageTest@663c9e7a]" started-at="2023-12-12T15:58:46 IST" name="TodoListVisibility" finished-at="2023-12-12T15:58:52 IST" duration-ms="6171" status="PASS">
          <reporter-output>
            <line>
              <![CDATA[ToDo List is Visible]]>
            </line>
          </reporter-output>
        </test-method> <!-- TodoListVisibility -->
        <test-method signature="TodoTabVisibility()[pri:2, instance:testPathLab.HomePageTest@663c9e7a]" started-at="2023-12-12T15:58:52 IST" name="TodoTabVisibility" finished-at="2023-12-12T15:59:22 IST" duration-ms="30269" status="PASS">
          <reporter-output>
          </reporter-output>
        </test-method> <!-- TodoTabVisibility -->
        <test-method signature="EnterTest()[pri:3, instance:testPathLab.HomePageTest@663c9e7a]" started-at="2023-12-12T15:59:22 IST" name="EnterTest" finished-at="2023-12-12T15:59:22 IST" duration-ms="59" status="PASS">
          <reporter-output>
          </reporter-output>
        </test-method> <!-- EnterTest -->
        <test-method signature="EnterDiscount()[pri:4, instance:testPathLab.HomePageTest@663c9e7a]" started-at="2023-12-12T15:59:22 IST" name="EnterDiscount" finished-at="2023-12-12T15:59:23 IST" duration-ms="1142" status="FAIL">
          <exception class="org.openqa.selenium.ElementClickInterceptedException">
            <message>
              <![CDATA[element click intercepted: Element is not clickable at point (879, 847)
  (Session info: chrome=120.0.6099.71)
Build info: version: '4.14.0', revision: 'e5a96349ce'
System info: os.name: 'Windows 11', os.arch: 'amd64', os.version: '10.0', java.version: '11.0.16'
Driver info: org.openqa.selenium.chrome.ChromeDriver
Command: [3fac94697783bba11f47b1794bd8ffe1, clickElement {id=7B0E65AD8737E1527750C699AA0EA561_element_136}]
Capabilities {acceptInsecureCerts: false, browserName: chrome, browserVersion: 120.0.6099.71, chrome: {chromedriverVersion: 119.0.6045.105 (38c72552c5e..., userDataDir: C:\Users\RUPALI\AppData\Loc...}, fedcm:accounts: true, goog:chromeOptions: {debuggerAddress: localhost:62125}, networkConnectionEnabled: false, pageLoadStrategy: normal, platformName: windows, proxy: Proxy(), se:cdp: ws://localhost:62125/devtoo..., se:cdpVersion: 120.0.6099.71, setWindowRect: true, strictFileInteractability: false, timeouts: {implicit: 0, pageLoad: 300000, script: 30000}, unhandledPromptBehavior: dismiss and notify, webauthn:extension:credBlob: true, webauthn:extension:largeBlob: true, webauthn:extension:minPinLength: true, webauthn:extension:prf: true, webauthn:virtualAuthenticators: true}
Element: [[ChromeDriver: chrome on windows (3fac94697783bba11f47b1794bd8ffe1)] -> xpath: //*[@id="root"]/div/main/div[2]/div[3]/div/div[2]/div[2]/div/div]
Session ID: 3fac94697783bba11f47b1794bd8ffe1]]>
            </message>
            <full-stacktrace>
              <![CDATA[org.openqa.selenium.ElementClickInterceptedException: element click intercepted: Element is not clickable at point (879, 847)
  (Session info: chrome=120.0.6099.71)
Build info: version: '4.14.0', revision: 'e5a96349ce'
System info: os.name: 'Windows 11', os.arch: 'amd64', os.version: '10.0', java.version: '11.0.16'
Driver info: org.openqa.selenium.chrome.ChromeDriver
Command: [3fac94697783bba11f47b1794bd8ffe1, clickElement {id=7B0E65AD8737E1527750C699AA0EA561_element_136}]
Capabilities {acceptInsecureCerts: false, browserName: chrome, browserVersion: 120.0.6099.71, chrome: {chromedriverVersion: 119.0.6045.105 (38c72552c5e..., userDataDir: C:\Users\RUPALI\AppData\Loc...}, fedcm:accounts: true, goog:chromeOptions: {debuggerAddress: localhost:62125}, networkConnectionEnabled: false, pageLoadStrategy: normal, platformName: windows, proxy: Proxy(), se:cdp: ws://localhost:62125/devtoo..., se:cdpVersion: 120.0.6099.71, setWindowRect: true, strictFileInteractability: false, timeouts: {implicit: 0, pageLoad: 300000, script: 30000}, unhandledPromptBehavior: dismiss and notify, webauthn:extension:credBlob: true, webauthn:extension:largeBlob: true, webauthn:extension:minPinLength: true, webauthn:extension:prf: true, webauthn:virtualAuthenticators: true}
Element: [[ChromeDriver: chrome on windows (3fac94697783bba11f47b1794bd8ffe1)] -> xpath: //*[@id="root"]/div/main/div[2]/div[3]/div/div[2]/div[2]/div/div]
Session ID: 3fac94697783bba11f47b1794bd8ffe1
at java.base/jdk.internal.reflect.NativeConstructorAccessorImpl.newInstance0(Native Method)
at java.base/jdk.internal.reflect.NativeConstructorAccessorImpl.newInstance(NativeConstructorAccessorImpl.java:62)
at java.base/jdk.internal.reflect.DelegatingConstructorAccessorImpl.newInstance(DelegatingConstructorAccessorImpl.java:45)
at java.base/java.lang.reflect.Constructor.newInstance(Constructor.java:490)
at org.openqa.selenium.remote.codec.w3c.W3CHttpResponseCodec.createException(W3CHttpResponseCodec.java:200)
at org.openqa.selenium.remote.codec.w3c.W3CHttpResponseCodec.decode(W3CHttpResponseCodec.java:133)
at org.openqa.selenium.remote.codec.w3c.W3CHttpResponseCodec.decode(W3CHttpResponseCodec.java:52)
at org.openqa.selenium.remote.HttpCommandExecutor.execute(HttpCommandExecutor.java:191)
at org.openqa.selenium.remote.service.DriverCommandExecutor.invokeExecute(DriverCommandExecutor.java:196)
at org.openqa.selenium.remote.service.DriverCommandExecutor.execute(DriverCommandExecutor.java:171)
at org.openqa.selenium.remote.RemoteWebDriver.execute(RemoteWebDriver.java:602)
at org.openqa.selenium.remote.RemoteWebElement.execute(RemoteWebElement.java:224)
at org.openqa.selenium.remote.RemoteWebElement.click(RemoteWebElement.java:77)
at java.base/jdk.internal.reflect.NativeMethodAccessorImpl.invoke0(Native Method)
at java.base/jdk.internal.reflect.NativeMethodAccessorImpl.invoke(NativeMethodAccessorImpl.java:62)
at java.base/jdk.internal.reflect.DelegatingMethodAccessorImpl.invoke(DelegatingMethodAccessorImpl.java:43)
at java.base/java.lang.reflect.Method.invoke(Method.java:566)
at org.openqa.selenium.support.pagefactory.internal.LocatingElementHandler.invoke(LocatingElementHandler.java:51)
at com.sun.proxy.$Proxy12.click(Unknown Source)
at pagesPathLab.HomePg.DiscountSlection(HomePg.java:83)
at testPathLab.HomePageTest.EnterDiscount(HomePageTest.java:33)
at java.base/jdk.internal.reflect.NativeMethodAccessorImpl.invoke0(Native Method)
at java.base/jdk.internal.reflect.NativeMethodAccessorImpl.invoke(NativeMethodAccessorImpl.java:62)
at java.base/jdk.internal.reflect.DelegatingMethodAccessorImpl.invoke(DelegatingMethodAccessorImpl.java:43)
at java.base/java.lang.reflect.Method.invoke(Method.java:566)
at org.testng.internal.invokers.MethodInvocationHelper.invokeMethod(MethodInvocationHelper.java:139)
at org.testng.internal.invokers.TestInvoker.invokeMethod(TestInvoker.java:677)
at org.testng.internal.invokers.TestInvoker.invokeTestMethod(TestInvoker.java:221)
at org.testng.internal.invokers.MethodRunner.runInSequence(MethodRunner.java:50)
at org.testng.internal.invokers.TestInvoker$MethodInvocationAgent.invoke(TestInvoker.java:962)
at org.testng.internal.invokers.TestInvoker.invokeTestMethods(TestInvoker.java:194)
at org.testng.internal.invokers.TestMethodWorker.invokeTestMethods(TestMethodWorker.java:148)
at org.testng.internal.invokers.TestMethodWorker.run(TestMethodWorker.java:128)
at java.base/java.util.ArrayList.forEach(ArrayList.java:1541)
at org.testng.TestRunner.privateRun(TestRunner.java:806)
at org.testng.TestRunner.run(TestRunner.java:601)
at org.testng.SuiteRunner.runTest(SuiteRunner.java:433)
at org.testng.SuiteRunner.runSequentially(SuiteRunner.java:427)
at org.testng.SuiteRunner.privateRun(SuiteRunner.java:387)
at org.testng.SuiteRunner.run(SuiteRunner.java:330)
at org.testng.SuiteRunnerWorker.runSuite(SuiteRunnerWorker.java:52)
at org.testng.SuiteRunnerWorker.run(SuiteRunnerWorker.java:95)
at org.testng.TestNG.runSuitesSequentially(TestNG.java:1256)
at org.testng.TestNG.runSuitesLocally(TestNG.java:1176)
at org.testng.TestNG.runSuites(TestNG.java:1099)
at org.testng.TestNG.run(TestNG.java:1067)
at org.testng.remote.AbstractRemoteTestNG.run(AbstractRemoteTestNG.java:115)
at org.testng.remote.RemoteTestNG.initAndRun(RemoteTestNG.java:251)
at org.testng.remote.RemoteTestNG.main(RemoteTestNG.java:77)
]]>
            </full-stacktrace>
          </exception> <!-- org.openqa.selenium.ElementClickInterceptedException -->
          <reporter-output>
          </reporter-output>
        </test-method> <!-- EnterDiscount -->
      </class> <!-- testPathLab.HomePageTest -->
    </test> <!-- Default test -->
  </suite> <!-- Default suite -->
</testng-results>
