<?xml version="1.0" encoding="UTF-8"?>
<testng-results ignored="0" total="1" passed="1" failed="0" skipped="0">
  <reporter-output>
    <line>
      <![CDATA[Url lunch]]>
    </line>
  </reporter-output>
  <suite started-at="2023-12-28T15:17:23 IST" name="Default suite" finished-at="2023-12-28T15:17:59 IST" duration-ms="35725">
    <groups>
    </groups>
    <test started-at="2023-12-28T15:17:23 IST" name="Default test" finished-at="2023-12-28T15:17:59 IST" duration-ms="35725">
      <class name="testPathLab.PatientPageTest">
        <test-method is-config="true" signature="createSession()[pri:0, instance:testPathLab.PatientPageTest@1c7696c6]" started-at="2023-12-28T15:17:23 IST" name="createSession" finished-at="2023-12-28T15:17:27 IST" duration-ms="4068" status="PASS">
          <reporter-output>
            <line>
              <![CDATA[Url lunch]]>
            </line>
          </reporter-output>
        </test-method> <!-- createSession -->
        <test-method is-config="true" signature="driverInitialization()[pri:0, instance:testPathLab.PatientPageTest@1c7696c6]" started-at="2023-12-28T15:17:28 IST" name="driverInitialization" finished-at="2023-12-28T15:17:28 IST" duration-ms="225" status="PASS">
          <reporter-output>
          </reporter-output>
        </test-method> <!-- driverInitialization -->
        <test-method signature="launchPatientPage()[pri:5, instance:testPathLab.PatientPageTest@1c7696c6]" started-at="2023-12-28T15:17:28 IST" name="launchPatientPage" finished-at="2023-12-28T15:17:59 IST" duration-ms="31299" status="PASS">
          <reporter-output>
          </reporter-output>
        </test-method> <!-- launchPatientPage -->
      </class> <!-- testPathLab.PatientPageTest -->
    </test> <!-- Default test -->
  </suite> <!-- Default suite -->
</testng-results>
